Arguments: 
  /home/vagrant/.nvm/versions/node/v12.22.0/bin/node /home/vagrant/.nvm/versions/node/v12.22.0/bin/yarn add bcrypt

PATH: 
  /home/vagrant/bin:/home/vagrant/.local/bin:/home/vagrant/.nvm/versions/node/v12.22.0/bin:/home/vagrant/.rvm/gems/ruby-2.3.5/bin:/home/vagrant/.rvm/gems/ruby-2.3.5@global/bin:/home/vagrant/.rvm/rubies/ruby-2.3.5/bin:/usr/local/sbin:/usr/local/bin:/usr/sbin:/usr/bin:/sbin:/bin:/usr/games:/usr/local/games:/home/vagrant/.rvm/bin:/home/vagrant/.rvm/bin

Yarn version: 
  1.22.10

Node version: 
  12.22.0

Platform: 
  linux x64

Trace: 
  Error: EPROTO: protocol error, symlink '../../../../detect-libc/bin/detect-libc.js' -> '/vagrant/w3/tinyapp/node_modules/@mapbox/node-pre-gyp/node_modules/.bin/detect-libc'

npm manifest: 
  {
    "name": "tinyapp",
    "version": "1.0.0",
    "description": "",
    "main": "index.js",
    "scripts": {
      "start": "node ./node_modules/nodemon/bin/nodemon.js express_server.js",
      "test": "echo \"Error: no test specified\" && exit 1"
    },
    "keywords": [],
    "author": "",
    "license": "ISC",
    "dependencies": {
      "bcrypt": "^5.0.1",
      "body-parser": "^1.19.0",
      "cookie-parser": "^1.4.5",
      "cookie-session": "^1.4.0",
      "ejs": "^3.1.6",
      "express": "^4.17.1"
    },
    "devDependencies": {
      "nodemon": "^2.0.7"
    }
  }

yarn manifest: 
  No manifest

Lockfile: 
  No lockfile
